<?xml version="1.0" encoding="UTF-8"?>
<!-- Generated by org.testng.reporters.JUnitXMLReporter -->
<testsuite ignored="0" hostname="LAPTOP-3N63N73N" failures="0" tests="8" name="RegTest" time="0.098" errors="0" timestamp="2022-01-27T17:09:13 IST">
  <testcase classname="New.Neew" name="Register" time="0.01"/>
  <testcase classname="New.Neew" name="Login" time="0.002"/>
  <testcase classname="New.Neew" name="Search" time="0.002"/>
  <testcase classname="New.Neew" name="Shop" time="0.001"/>
  <testcase classname="New.Neww" name="add" time="0.002"/>
  <testcase classname="New.Neww" name="sub" time="0.002"/>
  <testcase classname="New.Neww" name="mul" time="0.001"/>
  <testcase classname="New.Neww" name="div" time="0.001"/>
</testsuite> <!-- RegTest -->
